[2019-04-25 11:57:14.110] [sharedprocess] [info] main {"machineId":"eb42c802dfce8c3bcfd16aeb20b6d630246009f8ec1884a77f6f8083368731b3"}
[2019-04-25 11:57:14.165] [sharedprocess] [info] Scanned user extensions: 0
[2019-04-25 11:57:14.188] [sharedprocess] [info] Scanned user extensions: 0
[2019-04-25 11:57:14.192] [sharedprocess] [info] Scanned user extensions: 0
[2019-04-25 11:57:14.240] [sharedprocess] [info] Scanned system extensions: 72
[2019-04-25 11:57:14.241] [sharedprocess] [info] Scanned system extensions: 72
[2019-04-25 11:57:14.243] [sharedprocess] [info] Scanned system extensions: 72
[2019-04-25 11:57:14.573] [sharedprocess] [info] Scanned user extensions: 0
[2019-04-25 11:57:54.117] [sharedprocess] [info] Starting to clean up unused language packs.
[2019-04-25 12:02:14.593] [sharedprocess] [info] Scanned user extensions: 0
[2019-04-25 12:02:28.986] [sharedprocess] [info] Scanned user extensions: 0
[2019-04-25 12:07:14.606] [sharedprocess] [info] Scanned user extensions: 0
[2019-04-25 12:10:41.841] [sharedprocess] [info] Scanned user extensions: 0
[2019-04-25 12:10:41.843] [sharedprocess] [info] Scanned user extensions: 0
[2019-04-25 12:10:41.845] [sharedprocess] [info] Scanned user extensions: 0
[2019-04-25 12:10:41.856] [sharedprocess] [info] Scanned user extensions: 0
[2019-04-25 12:10:41.924] [sharedprocess] [info] Scanned system extensions: 72
[2019-04-25 12:10:41.927] [sharedprocess] [info] Scanned system extensions: 72
[2019-04-25 12:10:41.929] [sharedprocess] [info] Scanned system extensions: 72
[2019-04-25 12:10:51.679] [sharedprocess] [info] Installing extension: formulahendry.code-runner
[2019-04-25 12:10:51.683] [sharedprocess] [info] Scanned user extensions: 0
[2019-04-25 12:10:52.258] [sharedprocess] [info] Downloaded extension: formulahendry.code-runner /tmp/38485e20-9f26-493b-8d44-05b122dfde69
[2019-04-25 12:10:53.062] [sharedprocess] [info] Extracted extension to /home/kennethj/.vscode/extensions/.formulahendry.code-runner-0.9.8: formulahendry.code-runner
[2019-04-25 12:10:53.062] [sharedprocess] [info] Renamed to /home/kennethj/.vscode/extensions/formulahendry.code-runner-0.9.8
[2019-04-25 12:10:53.063] [sharedprocess] [info] Installation completed. formulahendry.code-runner
[2019-04-25 12:10:53.073] [sharedprocess] [info] Extensions installed successfully: formulahendry.code-runner
[2019-04-25 12:12:14.619] [sharedprocess] [info] Scanned user extensions: 1
[2019-04-25 12:17:14.635] [sharedprocess] [info] Scanned user extensions: 1
[2019-04-25 12:22:14.648] [sharedprocess] [info] Scanned user extensions: 1
[2019-04-25 19:37:01.256] [sharedprocess] [info] Scanned user extensions: 1
[2019-04-25 19:42:01.887] [sharedprocess] [info] Scanned user extensions: 1
[2019-04-25 19:47:01.905] [sharedprocess] [info] Scanned user extensions: 1
[2019-04-25 19:52:01.916] [sharedprocess] [info] Scanned user extensions: 1
[2019-04-25 19:57:02.425] [sharedprocess] [info] Scanned user extensions: 1
[2019-04-25 20:02:02.438] [sharedprocess] [info] Scanned user extensions: 1
[2019-04-25 20:07:02.458] [sharedprocess] [info] Scanned user extensions: 1
[2019-04-25 20:12:02.470] [sharedprocess] [info] Scanned user extensions: 1
[2019-04-25 20:17:02.481] [sharedprocess] [info] Scanned user extensions: 1
[2019-04-25 20:22:02.496] [sharedprocess] [info] Scanned user extensions: 1
[2019-04-25 20:27:02.512] [sharedprocess] [info] Scanned user extensions: 1
[2019-04-25 20:32:02.523] [sharedprocess] [info] Scanned user extensions: 1
[2019-04-25 20:37:02.534] [sharedprocess] [info] Scanned user extensions: 1
[2019-04-25 20:42:02.751] [sharedprocess] [info] Scanned user extensions: 1
[2019-04-25 20:47:02.763] [sharedprocess] [info] Scanned user extensions: 1
[2019-04-25 20:52:02.773] [sharedprocess] [info] Scanned user extensions: 1
[2019-04-25 20:57:02.790] [sharedprocess] [info] Scanned user extensions: 1
[2019-04-25 21:02:02.809] [sharedprocess] [info] Scanned user extensions: 1
[2019-04-25 21:07:02.820] [sharedprocess] [info] Scanned user extensions: 1
[2019-04-25 21:12:02.837] [sharedprocess] [info] Scanned user extensions: 1
[2019-04-25 21:17:02.853] [sharedprocess] [info] Scanned user extensions: 1
[2019-04-25 21:22:02.861] [sharedprocess] [info] Scanned user extensions: 1
[2019-04-25 21:27:02.876] [sharedprocess] [info] Scanned user extensions: 1
[2019-04-25 21:32:02.893] [sharedprocess] [info] Scanned user extensions: 1
[2019-04-25 21:37:02.908] [sharedprocess] [info] Scanned user extensions: 1
[2019-04-25 21:42:03.130] [sharedprocess] [info] Scanned user extensions: 1
[2019-04-25 21:47:03.144] [sharedprocess] [info] Scanned user extensions: 1
[2019-04-25 21:52:03.157] [sharedprocess] [info] Scanned user extensions: 1
[2019-04-25 21:57:03.168] [sharedprocess] [info] Scanned user extensions: 1
[2019-04-25 22:02:03.179] [sharedprocess] [info] Scanned user extensions: 1
[2019-04-25 22:07:03.189] [sharedprocess] [info] Scanned user extensions: 1
[2019-04-25 22:12:03.204] [sharedprocess] [info] Scanned user extensions: 1
[2019-04-25 22:17:03.221] [sharedprocess] [info] Scanned user extensions: 1
[2019-04-25 22:22:03.236] [sharedprocess] [info] Scanned user extensions: 1
[2019-04-25 22:27:03.248] [sharedprocess] [info] Scanned user extensions: 1
[2019-04-25 22:32:03.260] [sharedprocess] [info] Scanned user extensions: 1
[2019-04-25 22:37:03.265] [sharedprocess] [info] Scanned user extensions: 1
[2019-04-25 22:42:03.458] [sharedprocess] [info] Scanned user extensions: 1
[2019-04-25 22:47:03.476] [sharedprocess] [info] Scanned user extensions: 1
[2019-04-25 22:52:03.488] [sharedprocess] [info] Scanned user extensions: 1
[2019-04-25 22:57:03.500] [sharedprocess] [info] Scanned user extensions: 1
[2019-04-26 01:28:40.664] [sharedprocess] [info] Scanned user extensions: 1
[2019-04-26 01:33:40.675] [sharedprocess] [info] Scanned user extensions: 1
[2019-04-26 01:38:40.685] [sharedprocess] [info] Scanned user extensions: 1
[2019-04-26 02:03:47.270] [sharedprocess] [info] Scanned user extensions: 1
[2019-04-26 02:08:47.285] [sharedprocess] [info] Scanned user extensions: 1
[2019-04-26 02:13:47.297] [sharedprocess] [info] Scanned user extensions: 1
[2019-04-26 02:18:47.308] [sharedprocess] [info] Scanned user extensions: 1
[2019-04-26 02:23:47.909] [sharedprocess] [info] Scanned user extensions: 1
