Looking for git in: git
Using git 2.7.4 from git
> git rev-parse --show-toplevel
> git config --get commit.template
Open repository: /home/kennethj/project/africa-heatmap
> git status -z -u
> git check-ignore -z --stdin
> git check-ignore -z --stdin
> git show :main.js
> git ls-files --stage -- ./
> git show :index.html
> git ls-files --stage -- ./
> git show :main.js
> git ls-files --stage -- ./
> git show :index.html
> git ls-files --stage -- ./
> git show :main.js
> git ls-files --stage -- ./
> git show :index.html
> git ls-files --stage -- ./
> git show :main.js
> git ls-files --stage -- ./
> git show :index.html
> git ls-files --stage -- ./
> git show :main.js
> git ls-files --stage -- ./
> git show :index.html
> git ls-files --stage -- ./
> git show :main.js
> git ls-files --stage -- ./
> git show :index.html
> git ls-files --stage -- ./
> git show :main.js
> git ls-files --stage -- ./
> git show :index.html
> git ls-files --stage -- ./
> git show :main.js
> git ls-files --stage -- ./
> git show :index.html
> git ls-files --stage -- ./
> git show :main.js
> git ls-files --stage -- ./
> git show :index.html
> git ls-files --stage -- ./
> git show :index.css
> git ls-files --stage -- ./
> git check-ignore -z --stdin
> git show :index.html
> git ls-files --stage -- ./
> git show :index.css
> git ls-files --stage -- ./
> git show :index.html
> git ls-files --stage -- ./
> git show :main.js
> git ls-files --stage -- ./
> git check-ignore -z --stdin
> git show :package-lock.json
> git ls-files --stage -- ./
> git check-ignore -z --stdin
> git show :index.html
> git ls-files --stage -- ./
> git check-ignore -z --stdin
> git show :css/style.css
> git ls-files --stage -- css/
> git show :index.html
> git ls-files --stage -- ./
> git show :css/style.css
> git ls-files --stage -- css/
> git check-ignore -z --stdin
> git show :js/index.js
> git ls-files --stage -- js/
> git check-ignore -z --stdin
> git show :js/index.js
> git show :index.html
> git show :js/index.js
> git show :index.html
> git show :js/index.js
> git show :index.html
> git show :js/index.js
> git show :index.html
> git show :js/index.js
> git show :index.html
> git show :js/index.js
> git show :index.html
> git show :js/index.js
> git show :index.html
> git show :js/index.js
